<?xml version="1.0" encoding="UTF-8"?>
<!-- Generated by org.testng.reporters.JUnitReportReporter -->
<testsuite hostname="LAPTOP-FIGT9D78" failures="0" tests="1" name="com.POSTMethod.POSTAPI" time="1.734" errors="0" timestamp="2021-08-18T18:52:12 IST" skipped="0">
  <testcase classname="com.POSTMethod.POSTAPI" name="httpPostMethod" time="1.734"/>
  <system-out/>
</testsuite> <!-- com.POSTMethod.POSTAPI -->
