<?xml version="1.0" encoding="UTF-8"?>
<!-- Generated by org.testng.reporters.JUnitReportReporter -->
<testsuite hostname="LAPTOP-FIGT9D78" failures="0" tests="6" name="com.POST.SmartHealth.POST_MorbidityBankPage" time="20.624" errors="0" timestamp="2021-08-31T22:53:21 IST" skipped="0">
  <testcase classname="com.POST.SmartHealth.POST_MorbidityBankPage" name="getAccessToken" time="5.369"/>
  <system-out/>
  <testcase classname="com.POST.SmartHealth.POST_MorbidityBankPage" name="get_MorbidityBankPage" time="2.868"/>
  <system-out/>
  <testcase classname="com.POST.SmartHealth.POST_MorbidityBankPage" name="getFilter_MorbidityBankPage" time="2.989"/>
  <system-out/>
  <testcase classname="com.POST.SmartHealth.POST_MorbidityBankPage" name="update_MorbidityBankPage" time="2.995"/>
  <system-out/>
  <testcase classname="com.POST.SmartHealth.POST_MorbidityBankPage" name="delete_MorbidityBankPage" time="3.241"/>
  <system-out/>
  <testcase classname="com.POST.SmartHealth.POST_MorbidityBankPage" name="create_MorbidityBankPage" time="3.162"/>
  <system-out/>
</testsuite> <!-- com.POST.SmartHealth.POST_MorbidityBankPage -->
