<?xml version="1.0" encoding="UTF-8"?>
<!-- Generated by org.testng.reporters.JUnitReportReporter -->
<testsuite hostname="LAPTOP-FIGT9D78" failures="0" tests="1" name="com.POSTMethod.GeneRateToken" time="2.175" errors="0" timestamp="2021-08-30T19:46:43 IST" skipped="0">
  <testcase classname="com.POSTMethod.GeneRateToken" name="generateToken" time="2.175"/>
  <system-out/>
</testsuite> <!-- com.POSTMethod.GeneRateToken -->
