<?xml version="1.0" encoding="UTF-8"?>
<!-- Generated by org.testng.reporters.JUnitReportReporter -->
<testsuite hostname="LAPTOP-FIGT9D78" failures="0" tests="6" name="com.MorbidityBankPage.ALLMethod_MorbidityBankPage" time="19.904" errors="0" timestamp="2021-09-01T16:40:16 IST" skipped="0">
  <testcase classname="com.MorbidityBankPage.ALLMethod_MorbidityBankPage" name="getAccessToken" time="5.904"/>
  <system-out/>
  <testcase classname="com.MorbidityBankPage.ALLMethod_MorbidityBankPage" name="get_MorbidityBankPage" time="2.516"/>
  <system-out/>
  <testcase classname="com.MorbidityBankPage.ALLMethod_MorbidityBankPage" name="getFilter_MorbidityBankPage" time="2.779"/>
  <system-out/>
  <testcase classname="com.MorbidityBankPage.ALLMethod_MorbidityBankPage" name="update_MorbidityBankPage" time="2.672"/>
  <system-out/>
  <testcase classname="com.MorbidityBankPage.ALLMethod_MorbidityBankPage" name="delete_MorbidityBankPage" time="2.878"/>
  <system-out/>
  <testcase classname="com.MorbidityBankPage.ALLMethod_MorbidityBankPage" name="create_MorbidityBankPage" time="3.155"/>
  <system-out/>
</testsuite> <!-- com.MorbidityBankPage.ALLMethod_MorbidityBankPage -->
