<?xml version="1.0" encoding="UTF-8"?>
<!-- Generated by org.testng.reporters.JUnitReportReporter -->
<testsuite hostname="LAPTOP-FIGT9D78" failures="0" tests="1" name="getMethod.Get_Roler_ights_mapping" time="3.209" errors="0" timestamp="2021-08-18T14:52:30 IST" skipped="0">
  <testcase classname="getMethod.Get_Roler_ights_mapping" name="Roler_ights" time="3.209"/>
  <system-out/>
</testsuite> <!-- getMethod.Get_Roler_ights_mapping -->
